<?xml version="1.0" encoding="UTF-8"?>
<!-- Generated by org.testng.reporters.JUnitXMLReporter -->
<testsuite ignored="0" hostname="DESKTOP-9SFNIPP" failures="0" tests="4" name="Bank" time="28.108" errors="0" timestamp="2023-01-20T15:44:40 IST">
  <testcase classname="com.bank.test.ParaBankTest" name="register" time="3.674"/>
  <testcase classname="com.bank.test.ParaBankTest" name="login" time="3.491"/>
  <testcase classname="com.bank.test.ParaBankTest" name="register" time="6.647"/>
  <testcase classname="com.bank.test.ParaBankTest" name="login" time="2.52"/>
</testsuite> <!-- Bank -->
