<?xml version="1.0" encoding="UTF-8"?>
<testng-results ignored="0" total="4" passed="4" failed="0" skipped="0">
  <reporter-output>
  </reporter-output>
  <suite started-at="2023-01-20T15:44:12 IST" name="Suite" finished-at="2023-01-20T15:44:41 IST" duration-ms="29294">
    <groups>
    </groups>
    <test started-at="2023-01-20T15:44:12 IST" name="Bank" finished-at="2023-01-20T15:44:40 IST" duration-ms="28108">
      <class name="com.bank.test.ParaBankTest">
        <test-method is-config="true" signature="setup(java.lang.String, java.lang.String)[pri:0, instance:com.bank.test.ParaBankTest@152aa092]" started-at="2023-01-20T15:44:12 IST" name="setup" finished-at="2023-01-20T15:44:26 IST" duration-ms="13650" status="PASS">
          <params>
            <param index="0">
              <value>
                <![CDATA[chrome]]>
              </value>
            </param>
            <param index="1">
              <value>
                <![CDATA[https://parabank.parasoft.com/parabank/index.htm]]>
              </value>
            </param>
          </params>
          <reporter-output>
          </reporter-output>
        </test-method> <!-- setup -->
        <test-method signature="register()[pri:0, instance:com.bank.test.ParaBankTest@152aa092]" started-at="2023-01-20T15:44:26 IST" name="register" finished-at="2023-01-20T15:44:30 IST" duration-ms="3674" status="PASS">
          <reporter-output>
          </reporter-output>
        </test-method> <!-- register -->
        <test-method signature="login()[pri:1, instance:com.bank.test.ParaBankTest@152aa092]" started-at="2023-01-20T15:44:30 IST" name="login" finished-at="2023-01-20T15:44:33 IST" duration-ms="3491" status="PASS">
          <reporter-output>
          </reporter-output>
        </test-method> <!-- login -->
        <test-method is-config="true" signature="tearDown()[pri:0, instance:com.bank.test.ParaBankTest@152aa092]" started-at="2023-01-20T15:44:33 IST" name="tearDown" finished-at="2023-01-20T15:44:40 IST" duration-ms="7232" status="PASS">
          <reporter-output>
          </reporter-output>
        </test-method> <!-- tearDown -->
      </class> <!-- com.bank.test.ParaBankTest -->
    </test> <!-- Bank -->
    <test started-at="2023-01-20T15:44:12 IST" name="Bank1" finished-at="2023-01-20T15:44:41 IST" duration-ms="29294">
      <class name="com.bank.test.ParaBankTest">
        <test-method is-config="true" signature="setup(java.lang.String, java.lang.String)[pri:0, instance:com.bank.test.ParaBankTest@49dc7102]" started-at="2023-01-20T15:44:12 IST" name="setup" finished-at="2023-01-20T15:44:29 IST" duration-ms="16998" status="PASS">
          <params>
            <param index="0">
              <value>
                <![CDATA[edge]]>
              </value>
            </param>
            <param index="1">
              <value>
                <![CDATA[https://parabank.parasoft.com/parabank/index.htm]]>
              </value>
            </param>
          </params>
          <reporter-output>
          </reporter-output>
        </test-method> <!-- setup -->
        <test-method signature="register()[pri:0, instance:com.bank.test.ParaBankTest@49dc7102]" started-at="2023-01-20T15:44:29 IST" name="register" finished-at="2023-01-20T15:44:36 IST" duration-ms="6647" status="PASS">
          <reporter-output>
          </reporter-output>
        </test-method> <!-- register -->
        <test-method signature="login()[pri:1, instance:com.bank.test.ParaBankTest@49dc7102]" started-at="2023-01-20T15:44:36 IST" name="login" finished-at="2023-01-20T15:44:38 IST" duration-ms="2520" status="PASS">
          <reporter-output>
          </reporter-output>
        </test-method> <!-- login -->
        <test-method is-config="true" signature="tearDown()[pri:0, instance:com.bank.test.ParaBankTest@49dc7102]" started-at="2023-01-20T15:44:38 IST" name="tearDown" finished-at="2023-01-20T15:44:41 IST" duration-ms="3098" status="PASS">
          <reporter-output>
          </reporter-output>
        </test-method> <!-- tearDown -->
      </class> <!-- com.bank.test.ParaBankTest -->
    </test> <!-- Bank1 -->
  </suite> <!-- Suite -->
</testng-results>
